Flow report for midi_module
Mon May 15 16:52:48 2023
Quartus Prime Version 18.1.0 Build 625 09/12/2018 SJ Lite Edition


---------------------
; Table of Contents ;
---------------------
  1. Legal Notice
  2. Flow Summary
  3. Flow Settings
  4. Flow Non-Default Global Settings
  5. Flow Elapsed Time
  6. Flow OS Summary
  7. Flow Log
  8. Flow Messages
  9. Flow Suppressed Messages



----------------
; Legal Notice ;
----------------
Copyright (C) 2018  Intel Corporation. All rights reserved.
Your use of Intel Corporation's design tools, logic functions 
and other software and tools, and its AMPP partner logic 
functions, and any output files from any of the foregoing 
(including device programming or simulation files), and any 
associated documentation or information are expressly subject 
to the terms and conditions of the Intel Program License 
Subscription Agreement, the Intel Quartus Prime License Agreement,
the Intel FPGA IP License Agreement, or other applicable license
agreement, including, without limitation, that your use is for
the sole purpose of programming logic devices manufactured by
Intel and sold by Intel or its authorized distributors.  Please
refer to the applicable agreement for further details.



+----------------------------------------------------------------------------------+
; Flow Summary                                                                     ;
+------------------------------------+---------------------------------------------+
; Flow Status                        ; Successful - Mon May 15 16:52:47 2023       ;
; Quartus Prime Version              ; 18.1.0 Build 625 09/12/2018 SJ Lite Edition ;
; Revision Name                      ; midi_module                                 ;
; Top-level Entity Name              ; midi_top                                    ;
; Family                             ; Cyclone IV E                                ;
; Device                             ; EP4CE115F29C7                               ;
; Timing Models                      ; Final                                       ;
; Total logic elements               ; 67 / 114,480 ( < 1 % )                      ;
;     Total combinational functions  ; 59 / 114,480 ( < 1 % )                      ;
;     Dedicated logic registers      ; 50 / 114,480 ( < 1 % )                      ;
; Total registers                    ; 50                                          ;
; Total pins                         ; 19 / 529 ( 4 % )                            ;
; Total virtual pins                 ; 0                                           ;
; Total memory bits                  ; 0 / 3,981,312 ( 0 % )                       ;
; Embedded Multiplier 9-bit elements ; 0 / 532 ( 0 % )                             ;
; Total PLLs                         ; 0 / 4 ( 0 % )                               ;
+------------------------------------+---------------------------------------------+


+-----------------------------------------+
; Flow Settings                           ;
+-------------------+---------------------+
; Option            ; Setting             ;
+-------------------+---------------------+
; Start date & time ; 05/15/2023 16:52:21 ;
; Main task         ; Compilation         ;
; Revision Name     ; midi_module         ;
+-------------------+---------------------+


+---------------------------------------------------------------------------------------------------------------------------------------------------+
; Flow Non-Default Global Settings                                                                                                                  ;
+----------------------------------------+----------------------------------------+---------------+-------------+-----------------------------------+
; Assignment Name                        ; Value                                  ; Default Value ; Entity Name ; Section Id                        ;
+----------------------------------------+----------------------------------------+---------------+-------------+-----------------------------------+
; COMPILER_SIGNATURE_ID                  ; 180886430800764.168418754111376        ; --            ; --          ; --                                ;
; EDA_BOARD_DESIGN_BOUNDARY_SCAN_TOOL    ; BSDL (Boundary Scan)                   ; <None>        ; --          ; --                                ;
; EDA_BOARD_DESIGN_SIGNAL_INTEGRITY_TOOL ; HSPICE (Signal Integrity)              ; <None>        ; --          ; --                                ;
; EDA_BOARD_DESIGN_SYMBOL_TOOL           ; FPGA Xchange (Symbol)                  ; <None>        ; --          ; --                                ;
; EDA_BOARD_DESIGN_TIMING_TOOL           ; Stamp (Timing)                         ; <None>        ; --          ; --                                ;
; EDA_DESIGN_ENTRY_SYNTHESIS_TOOL        ; Synplify Pro                           ; <None>        ; --          ; --                                ;
; EDA_INPUT_DATA_FORMAT                  ; Vqm                                    ; --            ; --          ; eda_design_synthesis              ;
; EDA_LMF_FILE                           ; synplcty.lmf                           ; --            ; --          ; eda_design_synthesis              ;
; EDA_OUTPUT_DATA_FORMAT                 ; Stamp                                  ; --            ; --          ; eda_board_design_timing           ;
; EDA_OUTPUT_DATA_FORMAT                 ; Verilog Hdl                            ; --            ; --          ; eda_simulation                    ;
; EDA_OUTPUT_DATA_FORMAT                 ; Bsdl                                   ; --            ; --          ; eda_board_design_boundary_scan    ;
; EDA_OUTPUT_DATA_FORMAT                 ; Hspice                                 ; --            ; --          ; eda_board_design_signal_integrity ;
; EDA_OUTPUT_DATA_FORMAT                 ; Fpga Xchange                           ; --            ; --          ; eda_board_design_symbol           ;
; EDA_SIMULATION_TOOL                    ; QuestaSim (Verilog)                    ; <None>        ; --          ; --                                ;
; EDA_TIME_SCALE                         ; 1 ps                                   ; --            ; --          ; eda_simulation                    ;
; MAX_CORE_JUNCTION_TEMP                 ; 85                                     ; --            ; --          ; --                                ;
; MIN_CORE_JUNCTION_TEMP                 ; 0                                      ; --            ; --          ; --                                ;
; NOMINAL_CORE_SUPPLY_VOLTAGE            ; 1.2V                                   ; --            ; --          ; --                                ;
; PARTITION_COLOR                        ; -- (Not supported for targeted family) ; --            ; midi_top    ; Top                               ;
; PARTITION_FITTER_PRESERVATION_LEVEL    ; -- (Not supported for targeted family) ; --            ; midi_top    ; Top                               ;
; PARTITION_NETLIST_TYPE                 ; -- (Not supported for targeted family) ; --            ; midi_top    ; Top                               ;
; PROJECT_OUTPUT_DIRECTORY               ; output_files                           ; --            ; --          ; --                                ;
; TOP_LEVEL_ENTITY                       ; midi_top                               ; midi_module   ; --          ; --                                ;
+----------------------------------------+----------------------------------------+---------------+-------------+-----------------------------------+


+--------------------------------------------------------------------------------------------------------------------------+
; Flow Elapsed Time                                                                                                        ;
+----------------------+--------------+-------------------------+---------------------+------------------------------------+
; Module Name          ; Elapsed Time ; Average Processors Used ; Peak Virtual Memory ; Total CPU Time (on all processors) ;
+----------------------+--------------+-------------------------+---------------------+------------------------------------+
; Analysis & Synthesis ; 00:00:09     ; 1.0                     ; 4803 MB             ; 00:00:20                           ;
; Fitter               ; 00:00:08     ; 1.0                     ; 5993 MB             ; 00:00:15                           ;
; Assembler            ; 00:00:03     ; 1.0                     ; 4682 MB             ; 00:00:03                           ;
; Timing Analyzer      ; 00:00:02     ; 1.0                     ; 4884 MB             ; 00:00:02                           ;
; EDA Netlist Writer   ; 00:00:02     ; 1.0                     ; 4657 MB             ; 00:00:02                           ;
; Total                ; 00:00:24     ; --                      ; --                  ; 00:00:42                           ;
+----------------------+--------------+-------------------------+---------------------+------------------------------------+


+------------------------------------------------------------------------------------+
; Flow OS Summary                                                                    ;
+----------------------+------------------+------------+------------+----------------+
; Module Name          ; Machine Hostname ; OS Name    ; OS Version ; Processor type ;
+----------------------+------------------+------------+------------+----------------+
; Analysis & Synthesis ; DESKTOP-72IHIRO  ; Windows 10 ; 10.0       ; x86_64         ;
; Fitter               ; DESKTOP-72IHIRO  ; Windows 10 ; 10.0       ; x86_64         ;
; Assembler            ; DESKTOP-72IHIRO  ; Windows 10 ; 10.0       ; x86_64         ;
; Timing Analyzer      ; DESKTOP-72IHIRO  ; Windows 10 ; 10.0       ; x86_64         ;
; EDA Netlist Writer   ; DESKTOP-72IHIRO  ; Windows 10 ; 10.0       ; x86_64         ;
+----------------------+------------------+------------+------------+----------------+


------------
; Flow Log ;
------------
quartus_map --read_settings_files=on --write_settings_files=off midi_module -c midi_module
quartus_fit --read_settings_files=off --write_settings_files=off midi_module -c midi_module
quartus_asm --read_settings_files=off --write_settings_files=off midi_module -c midi_module
quartus_sta midi_module -c midi_module
quartus_eda --read_settings_files=off --write_settings_files=off midi_module -c midi_module



