Analysis & Synthesis report for midi_module
Wed May 10 17:00:30 2023
Quartus Prime Version 18.1.0 Build 625 09/12/2018 SJ Lite Edition


---------------------
; Table of Contents ;
---------------------
  1. Legal Notice
  2. Analysis & Synthesis Summary
  3. Analysis & Synthesis Settings
  4. Parallel Compilation
  5. Analysis & Synthesis Source Files Read
  6. Analysis & Synthesis Resource Usage Summary
  7. Analysis & Synthesis Resource Utilization by Entity
  8. State Machine - |midi_top|midi_receiver:midi|state
  9. Registers Removed During Synthesis
 10. Removed Registers Triggering Further Register Optimizations
 11. General Register Statistics
 12. Multiplexer Restructuring Statistics (Restructuring Performed)
 13. Parameter Settings for User Entity Instance: midi_receiver:midi
 14. Port Connectivity Checks: "led_dec:led_low"
 15. Port Connectivity Checks: "led_dec:led_high"
 16. Post-Synthesis Netlist Statistics for Top Partition
 17. Elapsed Time Per Partition
 18. Analysis & Synthesis Messages



----------------
; Legal Notice ;
----------------
Copyright (C) 2018  Intel Corporation. All rights reserved.
Your use of Intel Corporation's design tools, logic functions 
and other software and tools, and its AMPP partner logic 
functions, and any output files from any of the foregoing 
(including device programming or simulation files), and any 
associated documentation or information are expressly subject 
to the terms and conditions of the Intel Program License 
Subscription Agreement, the Intel Quartus Prime License Agreement,
the Intel FPGA IP License Agreement, or other applicable license
agreement, including, without limitation, that your use is for
the sole purpose of programming logic devices manufactured by
Intel and sold by Intel or its authorized distributors.  Please
refer to the applicable agreement for further details.



+----------------------------------------------------------------------------------+
; Analysis & Synthesis Summary                                                     ;
+------------------------------------+---------------------------------------------+
; Analysis & Synthesis Status        ; Successful - Wed May 10 17:00:30 2023       ;
; Quartus Prime Version              ; 18.1.0 Build 625 09/12/2018 SJ Lite Edition ;
; Revision Name                      ; midi_module                                 ;
; Top-level Entity Name              ; midi_top                                    ;
; Family                             ; Cyclone IV E                                ;
; Total logic elements               ; 0                                           ;
;     Total combinational functions  ; 0                                           ;
;     Dedicated logic registers      ; 0                                           ;
; Total registers                    ; 0                                           ;
; Total pins                         ; 17                                          ;
; Total virtual pins                 ; 0                                           ;
; Total memory bits                  ; 0                                           ;
; Embedded Multiplier 9-bit elements ; 0                                           ;
; Total PLLs                         ; 0                                           ;
+------------------------------------+---------------------------------------------+


+------------------------------------------------------------------------------------------------------------+
; Analysis & Synthesis Settings                                                                              ;
+------------------------------------------------------------------+--------------------+--------------------+
; Option                                                           ; Setting            ; Default Value      ;
+------------------------------------------------------------------+--------------------+--------------------+
; Device                                                           ; EP4CE115F29C7      ;                    ;
; Top-level entity name                                            ; midi_top           ; midi_module        ;
; Family name                                                      ; Cyclone IV E       ; Cyclone V          ;
; Type of Retiming Performed During Resynthesis                    ; Full               ;                    ;
; Resynthesis Optimization Effort                                  ; Normal             ;                    ;
; Physical Synthesis Level for Resynthesis                         ; Normal             ;                    ;
; Use Generated Physical Constraints File                          ; On                 ;                    ;
; Use smart compilation                                            ; Off                ; Off                ;
; Enable parallel Assembler and Timing Analyzer during compilation ; On                 ; On                 ;
; Enable compact report table                                      ; Off                ; Off                ;
; Restructure Multiplexers                                         ; Auto               ; Auto               ;
; Create Debugging Nodes for IP Cores                              ; Off                ; Off                ;
; Preserve fewer node names                                        ; On                 ; On                 ;
; Intel FPGA IP Evaluation Mode                                    ; Enable             ; Enable             ;
; Verilog Version                                                  ; Verilog_2001       ; Verilog_2001       ;
; VHDL Version                                                     ; VHDL_1993          ; VHDL_1993          ;
; State Machine Processing                                         ; Auto               ; Auto               ;
; Safe State Machine                                               ; Off                ; Off                ;
; Extract Verilog State Machines                                   ; On                 ; On                 ;
; Extract VHDL State Machines                                      ; On                 ; On                 ;
; Ignore Verilog initial constructs                                ; Off                ; Off                ;
; Iteration limit for constant Verilog loops                       ; 5000               ; 5000               ;
; Iteration limit for non-constant Verilog loops                   ; 250                ; 250                ;
; Add Pass-Through Logic to Inferred RAMs                          ; On                 ; On                 ;
; Infer RAMs from Raw Logic                                        ; On                 ; On                 ;
; Parallel Synthesis                                               ; On                 ; On                 ;
; DSP Block Balancing                                              ; Auto               ; Auto               ;
; NOT Gate Push-Back                                               ; On                 ; On                 ;
; Power-Up Don't Care                                              ; On                 ; On                 ;
; Remove Redundant Logic Cells                                     ; Off                ; Off                ;
; Remove Duplicate Registers                                       ; On                 ; On                 ;
; Ignore CARRY Buffers                                             ; Off                ; Off                ;
; Ignore CASCADE Buffers                                           ; Off                ; Off                ;
; Ignore GLOBAL Buffers                                            ; Off                ; Off                ;
; Ignore ROW GLOBAL Buffers                                        ; Off                ; Off                ;
; Ignore LCELL Buffers                                             ; Off                ; Off                ;
; Ignore SOFT Buffers                                              ; On                 ; On                 ;
; Limit AHDL Integers to 32 Bits                                   ; Off                ; Off                ;
; Optimization Technique                                           ; Balanced           ; Balanced           ;
; Carry Chain Length                                               ; 70                 ; 70                 ;
; Auto Carry Chains                                                ; On                 ; On                 ;
; Auto Open-Drain Pins                                             ; On                 ; On                 ;
; Perform WYSIWYG Primitive Resynthesis                            ; Off                ; Off                ;
; Auto ROM Replacement                                             ; On                 ; On                 ;
; Auto RAM Replacement                                             ; On                 ; On                 ;
; Auto DSP Block Replacement                                       ; On                 ; On                 ;
; Auto Shift Register Replacement                                  ; Auto               ; Auto               ;
; Allow Shift Register Merging across Hierarchies                  ; Auto               ; Auto               ;
; Auto Clock Enable Replacement                                    ; On                 ; On                 ;
; Strict RAM Replacement                                           ; Off                ; Off                ;
; Allow Synchronous Control Signals                                ; On                 ; On                 ;
; Force Use of Synchronous Clear Signals                           ; Off                ; Off                ;
; Auto RAM Block Balancing                                         ; On                 ; On                 ;
; Auto RAM to Logic Cell Conversion                                ; Off                ; Off                ;
; Auto Resource Sharing                                            ; Off                ; Off                ;
; Allow Any RAM Size For Recognition                               ; Off                ; Off                ;
; Allow Any ROM Size For Recognition                               ; Off                ; Off                ;
; Allow Any Shift Register Size For Recognition                    ; Off                ; Off                ;
; Use LogicLock Constraints during Resource Balancing              ; On                 ; On                 ;
; Ignore translate_off and synthesis_off directives                ; Off                ; Off                ;
; Timing-Driven Synthesis                                          ; On                 ; On                 ;
; Report Parameter Settings                                        ; On                 ; On                 ;
; Report Source Assignments                                        ; On                 ; On                 ;
; Report Connectivity Checks                                       ; On                 ; On                 ;
; Ignore Maximum Fan-Out Assignments                               ; Off                ; Off                ;
; Synchronization Register Chain Length                            ; 2                  ; 2                  ;
; Power Optimization During Synthesis                              ; Normal compilation ; Normal compilation ;
; HDL message level                                                ; Level2             ; Level2             ;
; Suppress Register Optimization Related Messages                  ; Off                ; Off                ;
; Number of Removed Registers Reported in Synthesis Report         ; 5000               ; 5000               ;
; Number of Swept Nodes Reported in Synthesis Report               ; 5000               ; 5000               ;
; Number of Inverted Registers Reported in Synthesis Report        ; 100                ; 100                ;
; Clock MUX Protection                                             ; On                 ; On                 ;
; Auto Gated Clock Conversion                                      ; Off                ; Off                ;
; Block Design Naming                                              ; Auto               ; Auto               ;
; SDC constraint protection                                        ; Off                ; Off                ;
; Synthesis Effort                                                 ; Auto               ; Auto               ;
; Shift Register Replacement - Allow Asynchronous Clear Signal     ; On                 ; On                 ;
; Pre-Mapping Resynthesis Optimization                             ; Off                ; Off                ;
; Analysis & Synthesis Message Level                               ; Medium             ; Medium             ;
; Disable Register Merging Across Hierarchies                      ; Auto               ; Auto               ;
; Resource Aware Inference For Block RAM                           ; On                 ; On                 ;
+------------------------------------------------------------------+--------------------+--------------------+


+------------------------------------------+
; Parallel Compilation                     ;
+----------------------------+-------------+
; Processors                 ; Number      ;
+----------------------------+-------------+
; Number detected on machine ; 16          ;
; Maximum allowed            ; 8           ;
;                            ;             ;
; Average used               ; 1.00        ;
; Maximum used               ; 1           ;
;                            ;             ;
; Usage by Processor         ; % Time Used ;
;     Processor 1            ; 100.0%      ;
+----------------------------+-------------+


+----------------------------------------------------------------------------------------------------------------------------------------------------------+
; Analysis & Synthesis Source Files Read                                                                                                                   ;
+----------------------------------+-----------------+------------------------------+------------------------------------------------------------+---------+
; File Name with User-Entered Path ; Used in Netlist ; File Type                    ; File Name with Absolute Path                               ; Library ;
+----------------------------------+-----------------+------------------------------+------------------------------------------------------------+---------+
; source/shift_8.sv                ; yes             ; User SystemVerilog HDL File  ; C:/cygwin64/home/gyaan/midi_module/source/shift_8.sv       ;         ;
; source/midi_top.sv               ; yes             ; User SystemVerilog HDL File  ; C:/cygwin64/home/gyaan/midi_module/source/midi_top.sv      ;         ;
; source/midi_receiver.sv          ; yes             ; User SystemVerilog HDL File  ; C:/cygwin64/home/gyaan/midi_module/source/midi_receiver.sv ;         ;
; source/led_dec.sv                ; yes             ; User SystemVerilog HDL File  ; C:/cygwin64/home/gyaan/midi_module/source/led_dec.sv       ;         ;
+----------------------------------+-----------------+------------------------------+------------------------------------------------------------+---------+


+---------------------------------------------------------------------------+
; Analysis & Synthesis Resource Usage Summary                               ;
+---------------------------------------------+-----------------------------+
; Resource                                    ; Usage                       ;
+---------------------------------------------+-----------------------------+
;                                             ;                             ;
; Total combinational functions               ; 0                           ;
; Logic element usage by number of LUT inputs ;                             ;
;     -- 4 input functions                    ; 0                           ;
;     -- 3 input functions                    ; 0                           ;
;     -- <=2 input functions                  ; 0                           ;
;                                             ;                             ;
; Logic elements by mode                      ;                             ;
;     -- normal mode                          ; 0                           ;
;     -- arithmetic mode                      ; 0                           ;
;                                             ;                             ;
; Total registers                             ; 0                           ;
;     -- Dedicated logic registers            ; 0                           ;
;     -- I/O registers                        ; 0                           ;
;                                             ;                             ;
; I/O pins                                    ; 17                          ;
;                                             ;                             ;
; Embedded Multiplier 9-bit elements          ; 0                           ;
;                                             ;                             ;
; Maximum fan-out node                        ; segments_out_high[0]~output ;
; Maximum fan-out                             ; 1                           ;
; Total fan-out                               ; 17                          ;
; Average fan-out                             ; 0.50                        ;
+---------------------------------------------+-----------------------------+


+----------------------------------------------------------------------------------------------------------------------------------------------------------------------------------------------------------+
; Analysis & Synthesis Resource Utilization by Entity                                                                                                                                                      ;
+----------------------------+---------------------+---------------------------+-------------+--------------+---------+-----------+------+--------------+---------------------+-------------+--------------+
; Compilation Hierarchy Node ; Combinational ALUTs ; Dedicated Logic Registers ; Memory Bits ; DSP Elements ; DSP 9x9 ; DSP 18x18 ; Pins ; Virtual Pins ; Full Hierarchy Name ; Entity Name ; Library Name ;
+----------------------------+---------------------+---------------------------+-------------+--------------+---------+-----------+------+--------------+---------------------+-------------+--------------+
; |midi_top                  ; 0 (0)               ; 0 (0)                     ; 0           ; 0            ; 0       ; 0         ; 17   ; 0            ; |midi_top           ; midi_top    ; work         ;
+----------------------------+---------------------+---------------------------+-------------+--------------+---------+-----------+------+--------------+---------------------+-------------+--------------+
Note: For table entries with two numbers listed, the numbers in parentheses indicate the number of resources of the given type used by the specific entity alone. The numbers listed outside of parentheses indicate the total resources of the given type used by the specific entity and all of its sub-entities in the hierarchy.


Encoding Type:  One-Hot
+-------------------------------------------------------------------------------+
; State Machine - |midi_top|midi_receiver:midi|state                            ;
+-------------+------------+------------+-------------+------------+------------+
; Name        ; state.STOP ; state.DATA ; state.START ; state.IDLE ; state.WAIT ;
+-------------+------------+------------+-------------+------------+------------+
; state.IDLE  ; 0          ; 0          ; 0           ; 0          ; 0          ;
; state.START ; 0          ; 0          ; 1           ; 1          ; 0          ;
; state.DATA  ; 0          ; 1          ; 0           ; 1          ; 0          ;
; state.STOP  ; 1          ; 0          ; 0           ; 1          ; 0          ;
; state.WAIT  ; 0          ; 0          ; 0           ; 1          ; 1          ;
+-------------+------------+------------+-------------+------------+------------+


+---------------------------------------------------------------------------------------+
; Registers Removed During Synthesis                                                    ;
+------------------------------------------------+--------------------------------------+
; Register name                                  ; Reason for Removal                   ;
+------------------------------------------------+--------------------------------------+
; led_dec:led_low|segments_out[0..6]             ; Stuck at GND due to stuck port clock ;
; midi_receiver:midi|dout[0..3]                  ; Lost fanout                          ;
; midi_receiver:midi|shift_8:buffer|buffer[0..3] ; Lost fanout                          ;
; led_dec:led_high|segments_out[0..6]            ; Stuck at GND due to stuck port clock ;
; midi_receiver:midi|dout[4..7]                  ; Lost fanout                          ;
; midi_receiver:midi|shift_8:buffer|buffer[4..7] ; Lost fanout                          ;
; midi_receiver:midi|valid                       ; Lost fanout                          ;
; midi_receiver:midi|state~2                     ; Lost fanout                          ;
; midi_receiver:midi|state~3                     ; Lost fanout                          ;
; midi_receiver:midi|cycle_count[0..10]          ; Lost fanout                          ;
; midi_receiver:midi|bit_count[0..2]             ; Lost fanout                          ;
; midi_receiver:midi|state.WAIT                  ; Lost fanout                          ;
; midi_receiver:midi|state.IDLE                  ; Lost fanout                          ;
; midi_receiver:midi|state.START                 ; Lost fanout                          ;
; midi_receiver:midi|state.DATA                  ; Lost fanout                          ;
; midi_receiver:midi|state.STOP                  ; Lost fanout                          ;
; Total Number of Removed Registers = 52         ;                                      ;
+------------------------------------------------+--------------------------------------+


+--------------------------------------------------------------------------------------------------------------------------------------------------+
; Removed Registers Triggering Further Register Optimizations                                                                                      ;
+----------------------------------+-------------------------+-------------------------------------------------------------------------------------+
; Register name                    ; Reason for Removal      ; Registers Removed due to This Register                                              ;
+----------------------------------+-------------------------+-------------------------------------------------------------------------------------+
; led_dec:led_low|segments_out[3]  ; Stuck at GND            ; midi_receiver:midi|dout[3], midi_receiver:midi|dout[2], midi_receiver:midi|dout[1], ;
;                                  ; due to stuck port clock ; midi_receiver:midi|dout[0], midi_receiver:midi|shift_8:buffer|buffer[0],            ;
;                                  ;                         ; midi_receiver:midi|shift_8:buffer|buffer[1],                                        ;
;                                  ;                         ; midi_receiver:midi|shift_8:buffer|buffer[2],                                        ;
;                                  ;                         ; midi_receiver:midi|shift_8:buffer|buffer[3],                                        ;
;                                  ;                         ; midi_receiver:midi|shift_8:buffer|buffer[4], midi_receiver:midi|cycle_count[10],    ;
;                                  ;                         ; midi_receiver:midi|cycle_count[9], midi_receiver:midi|state.IDLE,                   ;
;                                  ;                         ; midi_receiver:midi|state.STOP                                                       ;
; led_dec:led_high|segments_out[3] ; Stuck at GND            ; midi_receiver:midi|dout[7], midi_receiver:midi|dout[6], midi_receiver:midi|dout[5], ;
;                                  ; due to stuck port clock ; midi_receiver:midi|dout[4], midi_receiver:midi|shift_8:buffer|buffer[5],            ;
;                                  ;                         ; midi_receiver:midi|shift_8:buffer|buffer[6],                                        ;
;                                  ;                         ; midi_receiver:midi|shift_8:buffer|buffer[7]                                         ;
; midi_receiver:midi|state~2       ; Lost Fanouts            ; midi_receiver:midi|bit_count[2], midi_receiver:midi|bit_count[1],                   ;
;                                  ;                         ; midi_receiver:midi|bit_count[0], midi_receiver:midi|state.WAIT,                     ;
;                                  ;                         ; midi_receiver:midi|state.START                                                      ;
; midi_receiver:midi|state~3       ; Lost Fanouts            ; midi_receiver:midi|state.DATA                                                       ;
+----------------------------------+-------------------------+-------------------------------------------------------------------------------------+


+------------------------------------------------------+
; General Register Statistics                          ;
+----------------------------------------------+-------+
; Statistic                                    ; Value ;
+----------------------------------------------+-------+
; Total registers                              ; 0     ;
; Number of registers using Synchronous Clear  ; 0     ;
; Number of registers using Synchronous Load   ; 0     ;
; Number of registers using Asynchronous Clear ; 0     ;
; Number of registers using Asynchronous Load  ; 0     ;
; Number of registers using Clock Enable       ; 0     ;
; Number of registers using Preset             ; 0     ;
+----------------------------------------------+-------+


+------------------------------------------------------------------------------------------------------------------------------------------------------------+
; Multiplexer Restructuring Statistics (Restructuring Performed)                                                                                             ;
+--------------------+-----------+---------------+----------------------+------------------------+------------+----------------------------------------------+
; Multiplexer Inputs ; Bus Width ; Baseline Area ; Area if Restructured ; Saving if Restructured ; Registered ; Example Multiplexer Output                   ;
+--------------------+-----------+---------------+----------------------+------------------------+------------+----------------------------------------------+
; 7:1                ; 11 bits   ; 44 LEs        ; 11 LEs               ; 33 LEs                 ; Yes        ; |midi_top|midi_receiver:midi|cycle_count[10] ;
; 3:1                ; 3 bits    ; 6 LEs         ; 6 LEs                ; 0 LEs                  ; No         ; |midi_top|midi_receiver:midi|bit_count_c     ;
+--------------------+-----------+---------------+----------------------+------------------------+------------+----------------------------------------------+


+-----------------------------------------------------------------+
; Parameter Settings for User Entity Instance: midi_receiver:midi ;
+----------------+-------+----------------------------------------+
; Parameter Name ; Value ; Type                                   ;
+----------------+-------+----------------------------------------+
; CYCLES_PER_BIT ; 1600  ; Signed Integer                         ;
+----------------+-------+----------------------------------------+
Note: In order to hide this table in the UI and the text report file, please set the "Show Parameter Settings in Synthesis Report" option in "Analysis and Synthesis Settings -> More Settings" to "Off".


+------------------------------------------------------------------------------------------------------------------------------------------------------------------------+
; Port Connectivity Checks: "led_dec:led_low"                                                                                                                            ;
+------+-------+----------+----------------------------------------------------------------------------------------------------------------------------------------------+
; Port ; Type  ; Severity ; Details                                                                                                                                      ;
+------+-------+----------+----------------------------------------------------------------------------------------------------------------------------------------------+
; clk  ; Input ; Warning  ; Declared by entity but not connected by instance. If a default value exists, it will be used.  Otherwise, the port will be connected to GND. ;
+------+-------+----------+----------------------------------------------------------------------------------------------------------------------------------------------+


+------------------------------------------------------------------------------------------------------------------------------------------------------------------------+
; Port Connectivity Checks: "led_dec:led_high"                                                                                                                           ;
+------+-------+----------+----------------------------------------------------------------------------------------------------------------------------------------------+
; Port ; Type  ; Severity ; Details                                                                                                                                      ;
+------+-------+----------+----------------------------------------------------------------------------------------------------------------------------------------------+
; clk  ; Input ; Warning  ; Declared by entity but not connected by instance. If a default value exists, it will be used.  Otherwise, the port will be connected to GND. ;
+------+-------+----------+----------------------------------------------------------------------------------------------------------------------------------------------+


+-----------------------------------------------------+
; Post-Synthesis Netlist Statistics for Top Partition ;
+-----------------------+-----------------------------+
; Type                  ; Count                       ;
+-----------------------+-----------------------------+
; boundary_port         ; 17                          ;
; cycloneiii_lcell_comb ; 1                           ;
;     normal            ; 1                           ;
;         0 data inputs ; 1                           ;
;                       ;                             ;
; Max LUT depth         ; 0.00                        ;
; Average LUT depth     ; 0.00                        ;
+-----------------------+-----------------------------+


+-------------------------------+
; Elapsed Time Per Partition    ;
+----------------+--------------+
; Partition Name ; Elapsed Time ;
+----------------+--------------+
; Top            ; 00:00:00     ;
+----------------+--------------+


+-------------------------------+
; Analysis & Synthesis Messages ;
+-------------------------------+
Info: *******************************************************************
Info: Running Quartus Prime Analysis & Synthesis
    Info: Version 18.1.0 Build 625 09/12/2018 SJ Lite Edition
    Info: Processing started: Wed May 10 17:00:21 2023
Info: Command: quartus_map --read_settings_files=on --write_settings_files=off midi_module -c midi_module
Warning (18236): Number of processors has not been specified which may cause overloading on shared machines.  Set the global assignment NUM_PARALLEL_PROCESSORS in your QSF to an appropriate value for best performance.
Info (20030): Parallel compilation is enabled and will use 8 of the 8 processors detected
Info (12021): Found 1 design units, including 1 entities, in source file source/shift_8.sv
    Info (12023): Found entity 1: shift_8 File: C:/cygwin64/home/gyaan/midi_module/source/shift_8.sv Line: 1
Info (12021): Found 1 design units, including 1 entities, in source file source/midi_top.sv
    Info (12023): Found entity 1: midi_top File: C:/cygwin64/home/gyaan/midi_module/source/midi_top.sv Line: 1
Info (12021): Found 1 design units, including 1 entities, in source file source/midi_receiver.sv
    Info (12023): Found entity 1: midi_receiver File: C:/cygwin64/home/gyaan/midi_module/source/midi_receiver.sv Line: 1
Info (12021): Found 1 design units, including 1 entities, in source file source/led_dec.sv
    Info (12023): Found entity 1: led_dec File: C:/cygwin64/home/gyaan/midi_module/source/led_dec.sv Line: 1
Info (12021): Found 1 design units, including 1 entities, in source file source/fifo.sv
    Info (12023): Found entity 1: fifo File: C:/cygwin64/home/gyaan/midi_module/source/fifo.sv Line: 2
Info (12127): Elaborating entity "midi_top" for the top level hierarchy
Info (12128): Elaborating entity "midi_receiver" for hierarchy "midi_receiver:midi" File: C:/cygwin64/home/gyaan/midi_module/source/midi_top.sv Line: 23
Info (12128): Elaborating entity "shift_8" for hierarchy "midi_receiver:midi|shift_8:buffer" File: C:/cygwin64/home/gyaan/midi_module/source/midi_receiver.sv Line: 53
Info (12128): Elaborating entity "led_dec" for hierarchy "led_dec:led_high" File: C:/cygwin64/home/gyaan/midi_module/source/midi_top.sv Line: 44
Warning (12241): 2 hierarchies have connectivity warnings - see the Connectivity Checks report folder
Warning (13024): Output pins are stuck at VCC or GND
    Warning (13410): Pin "segments_out_high[0]" is stuck at GND File: C:/cygwin64/home/gyaan/midi_module/source/midi_top.sv Line: 8
    Warning (13410): Pin "segments_out_high[1]" is stuck at GND File: C:/cygwin64/home/gyaan/midi_module/source/midi_top.sv Line: 8
    Warning (13410): Pin "segments_out_high[2]" is stuck at GND File: C:/cygwin64/home/gyaan/midi_module/source/midi_top.sv Line: 8
    Warning (13410): Pin "segments_out_high[3]" is stuck at GND File: C:/cygwin64/home/gyaan/midi_module/source/midi_top.sv Line: 8
    Warning (13410): Pin "segments_out_high[4]" is stuck at GND File: C:/cygwin64/home/gyaan/midi_module/source/midi_top.sv Line: 8
    Warning (13410): Pin "segments_out_high[5]" is stuck at GND File: C:/cygwin64/home/gyaan/midi_module/source/midi_top.sv Line: 8
    Warning (13410): Pin "segments_out_high[6]" is stuck at GND File: C:/cygwin64/home/gyaan/midi_module/source/midi_top.sv Line: 8
    Warning (13410): Pin "segments_out_low[0]" is stuck at GND File: C:/cygwin64/home/gyaan/midi_module/source/midi_top.sv Line: 10
    Warning (13410): Pin "segments_out_low[1]" is stuck at GND File: C:/cygwin64/home/gyaan/midi_module/source/midi_top.sv Line: 10
    Warning (13410): Pin "segments_out_low[2]" is stuck at GND File: C:/cygwin64/home/gyaan/midi_module/source/midi_top.sv Line: 10
    Warning (13410): Pin "segments_out_low[3]" is stuck at GND File: C:/cygwin64/home/gyaan/midi_module/source/midi_top.sv Line: 10
    Warning (13410): Pin "segments_out_low[4]" is stuck at GND File: C:/cygwin64/home/gyaan/midi_module/source/midi_top.sv Line: 10
    Warning (13410): Pin "segments_out_low[5]" is stuck at GND File: C:/cygwin64/home/gyaan/midi_module/source/midi_top.sv Line: 10
    Warning (13410): Pin "segments_out_low[6]" is stuck at GND File: C:/cygwin64/home/gyaan/midi_module/source/midi_top.sv Line: 10
Info (17049): 38 registers lost all their fanouts during netlist optimizations.
Info (16010): Generating hard_block partition "hard_block:auto_generated_inst"
    Info (16011): Adding 0 node(s), including 0 DDIO, 0 PLL, 0 transceiver and 0 LCELL
Warning (21074): Design contains 3 input pin(s) that do not drive logic
    Warning (15610): No output dependent on input pin "din" File: C:/cygwin64/home/gyaan/midi_module/source/midi_top.sv Line: 4
    Warning (15610): No output dependent on input pin "reset" File: C:/cygwin64/home/gyaan/midi_module/source/midi_top.sv Line: 3
    Warning (15610): No output dependent on input pin "clk" File: C:/cygwin64/home/gyaan/midi_module/source/midi_top.sv Line: 2
Info (21057): Implemented 17 device resources after synthesis - the final resource count might be different
    Info (21058): Implemented 3 input pins
    Info (21059): Implemented 14 output pins
Info: Quartus Prime Analysis & Synthesis was successful. 0 errors, 21 warnings
    Info: Peak virtual memory: 4735 megabytes
    Info: Processing ended: Wed May 10 17:00:30 2023
    Info: Elapsed time: 00:00:09
    Info: Total CPU time (on all processors): 00:00:21


